<?xml version="1.0" encoding="UTF-8"?>
<!-- Generated by org.testng.reporters.JUnitReportReporter -->
<testsuite hostname="ThakurPC" failures="0" tests="1" name="script.TestCase2" time="0.001" errors="0" timestamp="2023-02-02T16:35:27 IST" skipped="0">
  <testcase classname="script.TestCase2" name="demo" time="0.001"/>
  <system-out>
    <![CDATA[hello python]]>
  </system-out>
</testsuite> <!-- script.TestCase2 -->
