<?xml version="1.0" encoding="UTF-8"?>
<!-- Generated by org.testng.reporters.JUnitReportReporter -->
<testsuite hostname="ThakurPC" failures="0" tests="1" name="script.TestCase4" time="0.009" errors="0" timestamp="2023-02-02T17:12:05 IST" skipped="0">
  <testcase classname="script.TestCase4" name="demo" time="0.009"/>
  <system-out>
    <![CDATA[hello python for selenium]]>
  </system-out>
</testsuite> <!-- script.TestCase4 -->
