<?xml version="1.0" encoding="UTF-8"?>
<!-- Generated by org.testng.reporters.JUnitReportReporter -->
<testsuite hostname="ThakurPC" failures="0" tests="1" name="script.TestCase3" time="0.002" errors="0" timestamp="2023-02-02T16:35:27 IST" skipped="0">
  <testcase classname="script.TestCase3" name="demo" time="0.002"/>
  <system-out>
    <![CDATA[hello java for selenium]]>
  </system-out>
</testsuite> <!-- script.TestCase3 -->
